Using pre-set license
Built from '2020.2/staging' branch; Version is '2020.2.3f1 (8ff31bc5bf5b) revision 9433883'; Using compiler version '192528614'; Build Type 'Release'
OS: 'Windows 10 Home; OS build 18363.1379; Version 1909; 64bit' Language: 'nl' Physical Memory: 16226 MB
BatchMode: 1, IsHumanControllingUs: 0, StartBugReporterOnCrash: 0, Is64bit: 1, IsPro: 0

 COMMAND LINE ARGUMENTS:
C:\Program Files\Unity\Hub\Editor\2020.2.3f1\Editor\Unity.exe
-adb2
-batchMode
-noUpm
-name
AssetImportWorker0
-projectPath
C:/Users/Acer/Documents/Werk - School/GLU School/Periode 8/Nieuwe map/Assasination-Game/Assasination Game
-logFile
Logs/AssetImportWorker0.log
-srvPort
59091
Successfully changed project path to: C:/Users/Acer/Documents/Werk - School/GLU School/Periode 8/Nieuwe map/Assasination-Game/Assasination Game
C:/Users/Acer/Documents/Werk - School/GLU School/Periode 8/Nieuwe map/Assasination-Game/Assasination Game
Using Asset Import Pipeline V2.
Refreshing native plugins compatible for Editor in 27.80 ms, found 0 plugins.
Preloading 0 native plugins for Editor in 0.00 ms.
Initialize engine version: 2020.2.3f1 (8ff31bc5bf5b)
[Subsystems] Discovering subsystems at path C:/Program Files/Unity/Hub/Editor/2020.2.3f1/Editor/Data/Resources/UnitySubsystems
[Subsystems] Discovering subsystems at path C:/Users/Acer/Documents/Werk - School/GLU School/Periode 8/Nieuwe map/Assasination-Game/Assasination Game/Assets
GfxDevice: creating device client; threaded=0
Direct3D:
    Version:  Direct3D 11.0 [level 11.1]
    Renderer: NVIDIA GeForce GTX 1050 Ti (ID=0x1c8c)
    Vendor:   
    VRAM:     4018 MB
    Driver:   27.21.14.5206
Initialize mono
Mono path[0] = 'C:/Program Files/Unity/Hub/Editor/2020.2.3f1/Editor/Data/Managed'
Mono path[1] = 'C:/Program Files/Unity/Hub/Editor/2020.2.3f1/Editor/Data/MonoBleedingEdge/lib/mono/unityjit'
Mono config path = 'C:/Program Files/Unity/Hub/Editor/2020.2.3f1/Editor/Data/MonoBleedingEdge/etc'
Using monoOptions --debugger-agent=transport=dt_socket,embedding=1,server=y,suspend=n,address=127.0.0.1:56076
Begin MonoManager ReloadAssembly
Registering precompiled unity dll's ...
Register platform support module: C:/Program Files/Unity/Hub/Editor/2020.2.3f1/Editor/Data/PlaybackEngines/WindowsStandaloneSupport/UnityEditor.WindowsStandalone.Extensions.dll
Registered in 0.003716 seconds.
Native extension for WindowsStandalone target not found
Refreshing native plugins compatible for Editor in 24.77 ms, found 0 plugins.
Preloading 0 native plugins for Editor in 0.00 ms.
Invoked RoslynAnalysisRunner static constructor.
RoslynAnalysisRunner will not be running.
RoslynAnalysisRunner has terminated.
Mono: successfully reloaded assembly
- Completed reload, in  1.228 seconds
Platform modules already initialized, skipping
Registering precompiled user dll's ...
Registered in 0.000556 seconds.
Begin MonoManager ReloadAssembly
Native extension for WindowsStandalone target not found
Refreshing native plugins compatible for Editor in 0.18 ms, found 0 plugins.
Preloading 0 native plugins for Editor in 0.00 ms.
Invoked RoslynAnalysisRunner static constructor.
RoslynAnalysisRunner will not be running.
RoslynAnalysisRunner has terminated.
Mono: successfully reloaded assembly
- Completed reload, in  0.799 seconds
Platform modules already initialized, skipping
========================================================================
Worker process is ready to serve import requests
Launched and connected shader compiler UnityShaderCompiler.exe after 0.05 seconds
Refreshing native plugins compatible for Editor in 0.17 ms, found 0 plugins.
Preloading 0 native plugins for Editor in 0.00 ms.
Unloading 1099 Unused Serialized files (Serialized files now loaded: 0)
System memory in use before: 56.9 MB.
System memory in use after: 57.0 MB.

Unloading 10 unused Assets to reduce memory usage. Loaded Objects now: 1540.
Total: 1.522100 ms (FindLiveObjects: 0.128100 ms CreateObjectMapping: 0.035400 ms MarkObjects: 1.281300 ms  DeleteObjects: 0.076500 ms)

========================================================================
Received Import Request.
  path: Assets
  artifactKey: Guid(00000000000000001000000000000000) Importer(815301076,1909f56bfc062723c751e8b465ee728b)
Start importing Assets using Guid(00000000000000001000000000000000) Importer(815301076,1909f56bfc062723c751e8b465ee728b)  -> (artifact id: '653ce283d384579a24208b2e4d727c2a') in 0.004384 seconds
  Import took 0.006842 seconds .

========================================================================
Received Import Request.
  Time since last request: 0.224376 seconds.
  path: Assets/Scripts
  artifactKey: Guid(505df90f3e5ad814abf058c0ee5b43f9) Importer(815301076,1909f56bfc062723c751e8b465ee728b)
Start importing Assets/Scripts using Guid(505df90f3e5ad814abf058c0ee5b43f9) Importer(815301076,1909f56bfc062723c751e8b465ee728b)  -> (artifact id: '3f0e5fa4ade3cb27b34527c4af959e1f') in 0.001621 seconds
  Import took 0.003419 seconds .

========================================================================
Received Import Request.
  Time since last request: 3.585463 seconds.
  path: Assets/Prefabs
  artifactKey: Guid(3d13155f9f286c841ac0f77c445652b9) Importer(815301076,1909f56bfc062723c751e8b465ee728b)
Start importing Assets/Prefabs using Guid(3d13155f9f286c841ac0f77c445652b9) Importer(815301076,1909f56bfc062723c751e8b465ee728b)  -> (artifact id: '0c046ccc2040124ecb8f1f00d55ea588') in 0.001808 seconds
  Import took 0.004120 seconds .

========================================================================
Received Import Request.
  Time since last request: 4.444852 seconds.
  path: Assets/Scripts/Player
  artifactKey: Guid(d8fd24af88314da4e9ecb404e5cd52fc) Importer(815301076,1909f56bfc062723c751e8b465ee728b)
Start importing Assets/Scripts/Player using Guid(d8fd24af88314da4e9ecb404e5cd52fc) Importer(815301076,1909f56bfc062723c751e8b465ee728b)  -> (artifact id: '4da067c49b2093e959d8ac9991ac7d7d') in 0.001574 seconds
  Import took 0.003786 seconds .

